<?xml version="1.0" encoding="UTF-8"?>
<testsuite name="agh.project.simulation.maps.RectangularMapTest" tests="1" skipped="0" failures="0" errors="0" timestamp="2022-12-28T14:58:23" hostname="DESKTOP-P62BTN0" time="0.026">
  <properties/>
  <testcase name="isOccupied()" classname="agh.project.simulation.maps.RectangularMapTest" time="0.026"/>
  <system-out><![CDATA[]]></system-out>
  <system-err><![CDATA[]]></system-err>
</testsuite>
